<?xml version="1.0" encoding="UTF-8"?>
<testsuite name="sampleapp.AppTest" tests="1" skipped="0" failures="0" errors="0" timestamp="2023-11-12T20:04:02" hostname="macbook-pro.lan" time="0.005">
  <properties/>
  <testcase name="appHasAGreeting" classname="sampleapp.AppTest" time="0.005"/>
  <system-out><![CDATA[]]></system-out>
  <system-err><![CDATA[]]></system-err>
</testsuite>
